build/app/intermediates/manifest_merge_blame_file/release/manifest-merger-blame-release-report.txt
1<?xml version="1.0" encoding="utf-8"?>
2<manifest xmlns:android="http://schemas.android.com/apk/res/android"
3    package="com.dncoder.edgewallet"
4    android:versionCode="1"
5    android:versionName="1.0.0" >
6
7    <uses-sdk
8        android:minSdkVersion="20"
8-->src\main\AndroidManifest.xml
9        android:targetSdkVersion="31" />
9-->src\main\AndroidManifest.xml
10
11    <queries>
11-->src\main\AndroidManifest.xml:4:5-25:17
12
13        <!-- If your app opens https URLs -->
14        <intent>
14-->src\main\AndroidManifest.xml:6:7-9:16
15            <action android:name="android.intent.action.VIEW" />
15-->src\main\AndroidManifest.xml:7:9-61
15-->src\main\AndroidManifest.xml:7:17-58
16
17            <data android:scheme="https" />
17-->src\main\AndroidManifest.xml:8:15-37
18        </intent>
19        <!-- If your app makes calls -->
20        <intent>
20-->src\main\AndroidManifest.xml:11:7-14:16
21            <action android:name="android.intent.action.DIAL" />
21-->src\main\AndroidManifest.xml:12:9-61
21-->src\main\AndroidManifest.xml:12:17-58
22
23            <data android:scheme="tel" />
23-->src\main\AndroidManifest.xml:8:15-37
24        </intent>
25        <!-- If your sends SMS messages -->
26        <intent>
26-->src\main\AndroidManifest.xml:16:7-19:16
27            <action android:name="android.intent.action.SENDTO" />
27-->src\main\AndroidManifest.xml:17:9-63
27-->src\main\AndroidManifest.xml:17:17-60
28
29            <data android:scheme="smsto" />
29-->src\main\AndroidManifest.xml:8:15-37
30        </intent>
31        <!-- If your app sends emails -->
32        <intent>
32-->src\main\AndroidManifest.xml:21:7-24:16
33            <action android:name="android.intent.action.SEND" />
33-->src\main\AndroidManifest.xml:22:9-61
33-->src\main\AndroidManifest.xml:22:17-58
34
35            <data android:mimeType="*/*" />
35-->src\main\AndroidManifest.xml:23:15-37
36        </intent>
37        <intent>
37-->[:flutter_inappwebview] AndroidManifest.xml:10:9-12:18
38            <action android:name="android.support.customtabs.action.CustomTabsService" />
38-->[:flutter_inappwebview] AndroidManifest.xml:11:13-90
38-->[:flutter_inappwebview] AndroidManifest.xml:11:21-87
39        </intent> <!-- For browser content -->
40        <intent>
40-->[com.google.android.gms:play-services-ads-lite:20.6.0] AndroidManifest.xml:31:9-37:18
41            <action android:name="android.intent.action.VIEW" />
41-->src\main\AndroidManifest.xml:7:9-61
41-->src\main\AndroidManifest.xml:7:17-58
42
43            <category android:name="android.intent.category.BROWSABLE" />
43-->src\main\AndroidManifest.xml:91:17-78
43-->src\main\AndroidManifest.xml:91:27-75
44
45            <data android:scheme="https" />
45-->src\main\AndroidManifest.xml:8:15-37
46        </intent>
47    </queries>
48
49    <uses-permission android:name="android.permission.INTERNET" /> <!-- this is mandatory -->
49-->src\main\AndroidManifest.xml:26:7-69
49-->src\main\AndroidManifest.xml:26:24-66
50    <uses-permission android:name="android.permission.ACCESS_NETWORK_STATE" />
50-->src\main\AndroidManifest.xml:27:7-81
50-->src\main\AndroidManifest.xml:27:24-78
51
52    <!-- uncomment required permissions here -->
53
54    <uses-permission android:name="android.permission.WRITE_EXTERNAL_STORAGE" />
54-->src\main\AndroidManifest.xml:31:8-83
54-->src\main\AndroidManifest.xml:31:25-81
55    <uses-permission android:name="android.permission.RECEIVE_BOOT_COMPLETED" />
55-->[:flutter_local_notifications] AndroidManifest.xml:9:5-81
55-->[:flutter_local_notifications] AndroidManifest.xml:9:22-78
56    <uses-permission android:name="android.permission.VIBRATE" />
56-->[:flutter_local_notifications] AndroidManifest.xml:10:5-66
56-->[:flutter_local_notifications] AndroidManifest.xml:10:22-63
57    <uses-permission android:name="android.permission.USE_FULL_SCREEN_INTENT" />
57-->[:flutter_local_notifications] AndroidManifest.xml:11:5-81
57-->[:flutter_local_notifications] AndroidManifest.xml:11:22-78
58    <uses-permission android:name="android.permission.SCHEDULE_EXACT_ALARM" /> <!-- Create a unique permission for your app and use it so only your app can receive your OneSignal messages. -->
58-->[:flutter_local_notifications] AndroidManifest.xml:12:5-79
58-->[:flutter_local_notifications] AndroidManifest.xml:12:22-76
59    <permission
59-->[com.onesignal:OneSignal:4.8.5] AndroidManifest.xml:7:5-9:47
60        android:name="com.dncoder.edgewallet.permission.C2D_MESSAGE"
60-->[com.onesignal:OneSignal:4.8.5] AndroidManifest.xml:8:9-63
61        android:protectionLevel="signature" />
61-->[com.onesignal:OneSignal:4.8.5] AndroidManifest.xml:9:9-44
62
63    <uses-permission android:name="com.dncoder.edgewallet.permission.C2D_MESSAGE" /> <!-- OneSignal SDK has runtime checks Android version. -->
63-->[com.onesignal:OneSignal:4.8.5] AndroidManifest.xml:11:5-79
63-->[com.onesignal:OneSignal:4.8.5] AndroidManifest.xml:11:22-76
64    <!-- <uses-sdk tools:overrideLibrary="android.support.customtabs"/> -->
65    <!-- Required runtime permission to display notifications on Android 13 -->
66    <uses-permission android:name="android.permission.POST_NOTIFICATIONS" /> <!-- c2dm RECEIVE are basic requirements for push messages through Google's FCM -->
66-->[com.onesignal:OneSignal:4.8.5] AndroidManifest.xml:16:5-77
66-->[com.onesignal:OneSignal:4.8.5] AndroidManifest.xml:16:22-74
67    <uses-permission android:name="com.google.android.c2dm.permission.RECEIVE" /> <!-- Required, makes sure notifications are delivered on time. -->
67-->[com.onesignal:OneSignal:4.8.5] AndroidManifest.xml:18:5-82
67-->[com.onesignal:OneSignal:4.8.5] AndroidManifest.xml:18:22-79
68    <uses-permission android:name="android.permission.WAKE_LOCK" /> <!-- START: ShortcutBadger -->
68-->[com.onesignal:OneSignal:4.8.5] AndroidManifest.xml:19:5-68
68-->[com.onesignal:OneSignal:4.8.5] AndroidManifest.xml:19:22-65
69    <!-- Samsung -->
70    <uses-permission android:name="com.sec.android.provider.badge.permission.READ" />
70-->[com.onesignal:OneSignal:4.8.5] AndroidManifest.xml:32:5-86
70-->[com.onesignal:OneSignal:4.8.5] AndroidManifest.xml:32:22-83
71    <uses-permission android:name="com.sec.android.provider.badge.permission.WRITE" /> <!-- HTC -->
71-->[com.onesignal:OneSignal:4.8.5] AndroidManifest.xml:33:5-87
71-->[com.onesignal:OneSignal:4.8.5] AndroidManifest.xml:33:22-84
72    <uses-permission android:name="com.htc.launcher.permission.READ_SETTINGS" />
72-->[com.onesignal:OneSignal:4.8.5] AndroidManifest.xml:34:5-81
72-->[com.onesignal:OneSignal:4.8.5] AndroidManifest.xml:34:22-78
73    <uses-permission android:name="com.htc.launcher.permission.UPDATE_SHORTCUT" /> <!-- Sony -->
73-->[com.onesignal:OneSignal:4.8.5] AndroidManifest.xml:35:5-83
73-->[com.onesignal:OneSignal:4.8.5] AndroidManifest.xml:35:22-80
74    <uses-permission android:name="com.sonyericsson.home.permission.BROADCAST_BADGE" />
74-->[com.onesignal:OneSignal:4.8.5] AndroidManifest.xml:36:5-88
74-->[com.onesignal:OneSignal:4.8.5] AndroidManifest.xml:36:22-85
75    <uses-permission android:name="com.sonymobile.home.permission.PROVIDER_INSERT_BADGE" /> <!-- Apex -->
75-->[com.onesignal:OneSignal:4.8.5] AndroidManifest.xml:37:5-92
75-->[com.onesignal:OneSignal:4.8.5] AndroidManifest.xml:37:22-89
76    <uses-permission android:name="com.anddoes.launcher.permission.UPDATE_COUNT" /> <!-- Solid -->
76-->[com.onesignal:OneSignal:4.8.5] AndroidManifest.xml:38:5-84
76-->[com.onesignal:OneSignal:4.8.5] AndroidManifest.xml:38:22-81
77    <uses-permission android:name="com.majeur.launcher.permission.UPDATE_BADGE" /> <!-- Huawei -->
77-->[com.onesignal:OneSignal:4.8.5] AndroidManifest.xml:39:5-83
77-->[com.onesignal:OneSignal:4.8.5] AndroidManifest.xml:39:22-80
78    <uses-permission android:name="com.huawei.android.launcher.permission.CHANGE_BADGE" />
78-->[com.onesignal:OneSignal:4.8.5] AndroidManifest.xml:40:5-91
78-->[com.onesignal:OneSignal:4.8.5] AndroidManifest.xml:40:22-88
79    <uses-permission android:name="com.huawei.android.launcher.permission.READ_SETTINGS" />
79-->[com.onesignal:OneSignal:4.8.5] AndroidManifest.xml:41:5-92
79-->[com.onesignal:OneSignal:4.8.5] AndroidManifest.xml:41:22-89
80    <uses-permission android:name="com.huawei.android.launcher.permission.WRITE_SETTINGS" /> <!-- ZUK -->
80-->[com.onesignal:OneSignal:4.8.5] AndroidManifest.xml:42:5-93
80-->[com.onesignal:OneSignal:4.8.5] AndroidManifest.xml:42:22-90
81    <uses-permission android:name="android.permission.READ_APP_BADGE" /> <!-- OPPO -->
81-->[com.onesignal:OneSignal:4.8.5] AndroidManifest.xml:43:5-73
81-->[com.onesignal:OneSignal:4.8.5] AndroidManifest.xml:43:22-70
82    <uses-permission android:name="com.oppo.launcher.permission.READ_SETTINGS" />
82-->[com.onesignal:OneSignal:4.8.5] AndroidManifest.xml:44:5-82
82-->[com.onesignal:OneSignal:4.8.5] AndroidManifest.xml:44:22-79
83    <uses-permission android:name="com.oppo.launcher.permission.WRITE_SETTINGS" /> <!-- EvMe -->
83-->[com.onesignal:OneSignal:4.8.5] AndroidManifest.xml:45:5-83
83-->[com.onesignal:OneSignal:4.8.5] AndroidManifest.xml:45:22-80
84    <uses-permission android:name="me.everything.badger.permission.BADGE_COUNT_READ" />
84-->[com.onesignal:OneSignal:4.8.5] AndroidManifest.xml:46:5-88
84-->[com.onesignal:OneSignal:4.8.5] AndroidManifest.xml:46:22-85
85    <uses-permission android:name="me.everything.badger.permission.BADGE_COUNT_WRITE" />
85-->[com.onesignal:OneSignal:4.8.5] AndroidManifest.xml:47:5-89
85-->[com.onesignal:OneSignal:4.8.5] AndroidManifest.xml:47:22-86
86    <uses-permission android:name="com.google.android.gms.permission.AD_ID" />
86-->[com.google.android.gms:play-services-ads-lite:20.6.0] AndroidManifest.xml:25:5-79
86-->[com.google.android.gms:play-services-ads-lite:20.6.0] AndroidManifest.xml:25:22-76
87    <uses-permission android:name="android.permission.FOREGROUND_SERVICE" />
87-->[androidx.work:work-runtime:2.7.0] AndroidManifest.xml:28:5-77
87-->[androidx.work:work-runtime:2.7.0] AndroidManifest.xml:28:22-74
88
89    <permission
89-->[androidx.core:core:1.10.1] AndroidManifest.xml:22:5-24:47
90        android:name="com.dncoder.edgewallet.DYNAMIC_RECEIVER_NOT_EXPORTED_PERMISSION"
90-->[androidx.core:core:1.10.1] AndroidManifest.xml:23:9-81
91        android:protectionLevel="signature" />
91-->[androidx.core:core:1.10.1] AndroidManifest.xml:24:9-44
92
93    <uses-permission android:name="com.dncoder.edgewallet.DYNAMIC_RECEIVER_NOT_EXPORTED_PERMISSION" /> <!-- <uses-permission android:name="android.permission.ACCESS_WIFI_STATE" /> -->
93-->[androidx.core:core:1.10.1] AndroidManifest.xml:26:5-97
93-->[androidx.core:core:1.10.1] AndroidManifest.xml:26:22-94
94    <!-- <uses-permission android:name="android.permission.CAMERA" /> -->
95    <!-- <uses-feature android:name="android.hardware.camera" /> -->
96    <!-- <uses-permission android:name="android.permission.RECORD_AUDIO" /> -->
97    <!-- <uses-permission android:name="android.permission.MODIFY_AUDIO_SETTINGS" /> -->
98    <!-- <uses-permission android:name="android.permission.VIDEO_CAPTURE" /> -->
99    <!-- <uses-permission android:name="android.permission.AUDIO_CAPTURE" /> -->
100    <!-- <uses-permission android:name="android.permission.BLUETOOTH" /> -->
101    <!-- <uses-permission android:name="android.permission.ACCESS_COARSE_LOCATION" /> -->
102    <!-- <uses-permission android:name="android.permission.ACCESS_FINE_LOCATION" /> -->
103    <!-- <uses-permission android:name="android.permission.ACCESS_BACKGROUND_LOCATION" /> -->
104    <!-- end  permissions from  list if using in your website -->
105    <application
106        android:name="android.app.Application"
106-->src\main\AndroidManifest.xml:47:9-42
107        android.usesCleartextTraffic="true"
107-->src\main\AndroidManifest.xml:49:9-44
108        android:appComponentFactory="androidx.core.app.CoreComponentFactory"
108-->[androidx.core:core:1.10.1] AndroidManifest.xml:28:18-86
109        android:icon="@mipmap/ic_launcher_squircle"
109-->src\main\AndroidManifest.xml:48:9-52
110        android:label="EdgeWallet"
110-->src\main\AndroidManifest.xml:46:9-35
111        android:requestLegacyExternalStorage="true" > <!-- this tag added to display downloading notification -->
111-->src\main\AndroidManifest.xml:50:9-52
112
113
114        <!-- to allow file permission -->
115        <provider
116            android:name="com.pichillilorenzo.flutter_inappwebview.InAppWebViewFileProvider"
116-->src\main\AndroidManifest.xml:55:11-91
117            android:authorities="com.dncoder.edgewallet.flutter_inappwebview.fileprovider"
117-->src\main\AndroidManifest.xml:56:11-83
118            android:exported="false"
118-->src\main\AndroidManifest.xml:57:11-35
119            android:grantUriPermissions="true" >
119-->src\main\AndroidManifest.xml:58:11-45
120            <meta-data
120-->src\main\AndroidManifest.xml:59:11-61:56
121                android:name="android.support.FILE_PROVIDER_PATHS"
121-->src\main\AndroidManifest.xml:60:15-65
122                android:resource="@xml/provider_paths" />
122-->src\main\AndroidManifest.xml:61:15-53
123        </provider>
124
125        <activity
125-->src\main\AndroidManifest.xml:63:9-95:20
126            android:name="com.dncoder.edgewallet.MainActivity"
126-->src\main\AndroidManifest.xml:64:13-41
127            android:configChanges="orientation|keyboardHidden|keyboard|screenSize|smallestScreenSize|locale|layoutDirection|fontScale|screenLayout|density|uiMode"
127-->src\main\AndroidManifest.xml:68:13-163
128            android:exported="true"
128-->src\main\AndroidManifest.xml:65:13-36
129            android:hardwareAccelerated="true"
129-->src\main\AndroidManifest.xml:69:13-47
130            android:launchMode="singleTop"
130-->src\main\AndroidManifest.xml:66:13-43
131            android:theme="@style/LaunchTheme"
131-->src\main\AndroidManifest.xml:67:13-47
132            android:turnScreenOn="true"
132-->src\main\AndroidManifest.xml:72:13-40
133            android:windowSoftInputMode="adjustResize" >
133-->src\main\AndroidManifest.xml:70:13-55
134
135            <!--
136                 Specifies an Android theme to apply to this Activity as soon as
137                 the Android process has started. This theme is visible to the user
138                 while the Flutter UI initializes. After that, this theme continues
139                 to determine the Window background behind the Flutter UI.
140            -->
141            <meta-data
141-->src\main\AndroidManifest.xml:77:13-80:17
142                android:name="io.flutter.embedding.android.NormalTheme"
142-->src\main\AndroidManifest.xml:78:15-70
143                android:resource="@style/NormalTheme" />
143-->src\main\AndroidManifest.xml:79:15-52
144
145            <intent-filter>
145-->src\main\AndroidManifest.xml:81:13-84:29
146                <action android:name="android.intent.action.MAIN" />
146-->src\main\AndroidManifest.xml:82:17-68
146-->src\main\AndroidManifest.xml:82:25-66
147
148                <category android:name="android.intent.category.LAUNCHER" />
148-->src\main\AndroidManifest.xml:83:17-76
148-->src\main\AndroidManifest.xml:83:27-74
149            </intent-filter>
150
151            <!-- Deep linking -->
152            <meta-data
152-->src\main\AndroidManifest.xml:87:13-90
153                android:name="flutter_deeplinking_enabled"
153-->src\main\AndroidManifest.xml:87:24-66
154                android:value="true" />
154-->src\main\AndroidManifest.xml:87:67-87
155
156            <intent-filter android:autoVerify="true" >
156-->src\main\AndroidManifest.xml:88:13-94:29
156-->src\main\AndroidManifest.xml:88:28-53
157                <action android:name="android.intent.action.VIEW" />
157-->src\main\AndroidManifest.xml:7:9-61
157-->src\main\AndroidManifest.xml:7:17-58
158
159                <category android:name="android.intent.category.DEFAULT" />
159-->src\main\AndroidManifest.xml:90:17-76
159-->src\main\AndroidManifest.xml:90:27-73
160                <category android:name="android.intent.category.BROWSABLE" />
160-->src\main\AndroidManifest.xml:91:17-78
160-->src\main\AndroidManifest.xml:91:27-75
161
162                <data
163                    android:host="android.app.Application"
163-->src\main\AndroidManifest.xml:92:45-78
164                    android:pathPrefix="/"
164-->src\main\AndroidManifest.xml:92:79-101
165                    android:scheme="http" />
165-->src\main\AndroidManifest.xml:8:15-37
166                <data android:scheme="https" />
166-->src\main\AndroidManifest.xml:8:15-37
167            </intent-filter>
168        </activity>
169        <!--
170             Don't delete the meta-data below.
171             This is used by the Flutter tool to generate GeneratedPluginRegistrant.java
172        -->
173        <meta-data
173-->src\main\AndroidManifest.xml:98:9-100:33
174            android:name="flutterEmbedding"
174-->src\main\AndroidManifest.xml:99:13-44
175            android:value="2" />
175-->src\main\AndroidManifest.xml:100:13-30
176
177        <!-- Sample AdMob app ID: ca-app-pub-3940256099942544~3347511713 -->
178        <meta-data
178-->src\main\AndroidManifest.xml:103:9-105:69
179            android:name="com.google.android.gms.ads.APPLICATION_ID"
179-->src\main\AndroidManifest.xml:104:13-69
180            android:value="ca-app-pub-3940256099942544~3347511713" />
180-->src\main\AndroidManifest.xml:105:13-67
181        <meta-data
181-->src\main\AndroidManifest.xml:106:9-108:64
182            android:name="com.onesignal.messaging.default_notification_icon"
182-->src\main\AndroidManifest.xml:107:9-73
183            android:resource="@mipmap/ic_stat_onesignal_default" />
183-->src\main\AndroidManifest.xml:108:9-61
184        <meta-data
184-->src\main\AndroidManifest.xml:109:9-111:34
185            android:name="com.onesignal.NotificationAccentColor.DEFAULT"
185-->src\main\AndroidManifest.xml:110:9-69
186            android:value="FFFFFF" />
186-->src\main\AndroidManifest.xml:111:9-31
187        <!--
188below line Allows you to handle programmatically.
189Setting the value to false will launch the url in a browser.
190        -->
191        <meta-data
191-->src\main\AndroidManifest.xml:114:9-90
192            android:name="com.onesignal.suppressLaunchURLs"
192-->src\main\AndroidManifest.xml:114:20-67
193            android:value="true" />
193-->src\main\AndroidManifest.xml:114:68-88
194        <!-- end -->
195        <activity
195-->[:flutter_inappwebview] AndroidManifest.xml:16:9-20:47
196            android:name="com.pichillilorenzo.flutter_inappwebview.in_app_browser.InAppBrowserActivity"
196-->[:flutter_inappwebview] AndroidManifest.xml:17:13-104
197            android:configChanges="orientation|keyboardHidden|keyboard|screenSize|locale|layoutDirection|fontScale|screenLayout|density"
197-->[:flutter_inappwebview] AndroidManifest.xml:18:13-137
198            android:exported="false"
198-->[:flutter_inappwebview] AndroidManifest.xml:19:13-37
199            android:theme="@style/AppTheme" />
199-->[:flutter_inappwebview] AndroidManifest.xml:20:13-44
200        <activity
200-->[:flutter_inappwebview] AndroidManifest.xml:21:9-24:55
201            android:name="com.pichillilorenzo.flutter_inappwebview.chrome_custom_tabs.ChromeCustomTabsActivity"
201-->[:flutter_inappwebview] AndroidManifest.xml:22:13-112
202            android:exported="false"
202-->[:flutter_inappwebview] AndroidManifest.xml:23:13-37
203            android:theme="@style/ThemeTransparent" />
203-->[:flutter_inappwebview] AndroidManifest.xml:24:13-52
204        <activity
204-->[:flutter_inappwebview] AndroidManifest.xml:25:9-28:55
205            android:name="com.pichillilorenzo.flutter_inappwebview.chrome_custom_tabs.TrustedWebActivity"
205-->[:flutter_inappwebview] AndroidManifest.xml:26:13-106
206            android:exported="false"
206-->[:flutter_inappwebview] AndroidManifest.xml:27:13-37
207            android:theme="@style/ThemeTransparent" />
207-->[:flutter_inappwebview] AndroidManifest.xml:28:13-52
208        <activity
208-->[:flutter_inappwebview] AndroidManifest.xml:29:9-33:55
209            android:name="com.pichillilorenzo.flutter_inappwebview.chrome_custom_tabs.ChromeCustomTabsActivitySingleInstance"
209-->[:flutter_inappwebview] AndroidManifest.xml:30:13-126
210            android:exported="false"
210-->[:flutter_inappwebview] AndroidManifest.xml:31:13-37
211            android:launchMode="singleInstance"
211-->[:flutter_inappwebview] AndroidManifest.xml:32:13-48
212            android:theme="@style/ThemeTransparent" />
212-->[:flutter_inappwebview] AndroidManifest.xml:33:13-52
213        <activity
213-->[:flutter_inappwebview] AndroidManifest.xml:34:9-38:55
214            android:name="com.pichillilorenzo.flutter_inappwebview.chrome_custom_tabs.TrustedWebActivitySingleInstance"
214-->[:flutter_inappwebview] AndroidManifest.xml:35:13-120
215            android:exported="false"
215-->[:flutter_inappwebview] AndroidManifest.xml:36:13-37
216            android:launchMode="singleInstance"
216-->[:flutter_inappwebview] AndroidManifest.xml:37:13-48
217            android:theme="@style/ThemeTransparent" />
217-->[:flutter_inappwebview] AndroidManifest.xml:38:13-52
218
219        <receiver
219-->[:flutter_inappwebview] AndroidManifest.xml:40:9-43:40
220            android:name="com.pichillilorenzo.flutter_inappwebview.chrome_custom_tabs.ActionBroadcastReceiver"
220-->[:flutter_inappwebview] AndroidManifest.xml:41:13-111
221            android:enabled="true"
221-->[:flutter_inappwebview] AndroidManifest.xml:42:13-35
222            android:exported="false" />
222-->[:flutter_inappwebview] AndroidManifest.xml:43:13-37
223
224        <meta-data
224-->[:flutter_inappwebview] AndroidManifest.xml:45:9-47:36
225            android:name="io.flutter.embedded_views_preview"
225-->[:flutter_inappwebview] AndroidManifest.xml:46:13-61
226            android:value="true" />
226-->[:flutter_inappwebview] AndroidManifest.xml:47:13-33
227
228        <provider
228-->[:share_plus] AndroidManifest.xml:10:9-18:20
229            android:name="dev.fluttercommunity.plus.share.ShareFileProvider"
229-->[:share_plus] AndroidManifest.xml:11:13-77
230            android:authorities="com.dncoder.edgewallet.flutter.share_provider"
230-->[:share_plus] AndroidManifest.xml:12:13-74
231            android:exported="false"
231-->[:share_plus] AndroidManifest.xml:13:13-37
232            android:grantUriPermissions="true" >
232-->[:share_plus] AndroidManifest.xml:14:13-47
233            <meta-data
233-->src\main\AndroidManifest.xml:59:11-61:56
234                android:name="android.support.FILE_PROVIDER_PATHS"
234-->src\main\AndroidManifest.xml:60:15-65
235                android:resource="@xml/flutter_share_file_paths" />
235-->src\main\AndroidManifest.xml:61:15-53
236        </provider>
237
238        <receiver
238-->[:flutter_local_notifications] AndroidManifest.xml:15:9-17:40
239            android:name="com.dexterous.flutterlocalnotifications.ScheduledNotificationReceiver"
239-->[:flutter_local_notifications] AndroidManifest.xml:16:13-97
240            android:exported="false" />
240-->[:flutter_local_notifications] AndroidManifest.xml:17:13-37
241        <receiver
241-->[:flutter_local_notifications] AndroidManifest.xml:18:9-27:20
242            android:name="com.dexterous.flutterlocalnotifications.ScheduledNotificationBootReceiver"
242-->[:flutter_local_notifications] AndroidManifest.xml:19:13-101
243            android:exported="false" >
243-->[:flutter_local_notifications] AndroidManifest.xml:20:13-37
244            <intent-filter>
244-->[:flutter_local_notifications] AndroidManifest.xml:21:13-26:29
245                <action android:name="android.intent.action.BOOT_COMPLETED" />
245-->[:flutter_local_notifications] AndroidManifest.xml:22:17-79
245-->[:flutter_local_notifications] AndroidManifest.xml:22:25-76
246                <action android:name="android.intent.action.MY_PACKAGE_REPLACED" />
246-->[:flutter_local_notifications] AndroidManifest.xml:23:17-84
246-->[:flutter_local_notifications] AndroidManifest.xml:23:25-81
247                <action android:name="android.intent.action.QUICKBOOT_POWERON" />
247-->[:flutter_local_notifications] AndroidManifest.xml:24:17-82
247-->[:flutter_local_notifications] AndroidManifest.xml:24:25-79
248                <action android:name="com.htc.intent.action.QUICKBOOT_POWERON" />
248-->[:flutter_local_notifications] AndroidManifest.xml:25:17-82
248-->[:flutter_local_notifications] AndroidManifest.xml:25:25-79
249            </intent-filter>
250        </receiver>
251
252        <activity
252-->[:url_launcher_android] AndroidManifest.xml:10:9-13:74
253            android:name="io.flutter.plugins.urllauncher.WebViewActivity"
253-->[:url_launcher_android] AndroidManifest.xml:11:13-74
254            android:exported="false"
254-->[:url_launcher_android] AndroidManifest.xml:12:13-37
255            android:theme="@android:style/Theme.NoTitleBar.Fullscreen" />
255-->[:url_launcher_android] AndroidManifest.xml:13:13-71
256
257        <receiver
257-->[com.onesignal:OneSignal:4.8.5] AndroidManifest.xml:50:9-61:20
258            android:name="com.onesignal.FCMBroadcastReceiver"
258-->[com.onesignal:OneSignal:4.8.5] AndroidManifest.xml:51:13-62
259            android:exported="true"
259-->[com.onesignal:OneSignal:4.8.5] AndroidManifest.xml:52:13-36
260            android:permission="com.google.android.c2dm.permission.SEND" >
260-->[com.onesignal:OneSignal:4.8.5] AndroidManifest.xml:53:13-73
261
262            <!-- High priority so OneSignal payloads can be filtered from other FCM receivers -->
263            <intent-filter android:priority="999" >
263-->[com.onesignal:OneSignal:4.8.5] AndroidManifest.xml:56:13-60:29
263-->[com.onesignal:OneSignal:4.8.5] AndroidManifest.xml:56:28-50
264                <action android:name="com.google.android.c2dm.intent.RECEIVE" />
264-->[com.onesignal:OneSignal:4.8.5] AndroidManifest.xml:57:17-81
264-->[com.onesignal:OneSignal:4.8.5] AndroidManifest.xml:57:25-78
265
266                <category android:name="com.dncoder.edgewallet" />
266-->[com.onesignal:OneSignal:4.8.5] AndroidManifest.xml:59:17-61
266-->[com.onesignal:OneSignal:4.8.5] AndroidManifest.xml:59:27-58
267            </intent-filter>
268        </receiver>
269
270        <service
270-->[com.onesignal:OneSignal:4.8.5] AndroidManifest.xml:63:9-69:19
271            android:name="com.onesignal.HmsMessageServiceOneSignal"
271-->[com.onesignal:OneSignal:4.8.5] AndroidManifest.xml:64:13-68
272            android:exported="false" >
272-->[com.onesignal:OneSignal:4.8.5] AndroidManifest.xml:65:13-37
273            <intent-filter>
273-->[com.onesignal:OneSignal:4.8.5] AndroidManifest.xml:66:13-68:29
274                <action android:name="com.huawei.push.action.MESSAGING_EVENT" />
274-->[com.onesignal:OneSignal:4.8.5] AndroidManifest.xml:67:17-81
274-->[com.onesignal:OneSignal:4.8.5] AndroidManifest.xml:67:25-78
275            </intent-filter>
276        </service>
277
278        <activity
278-->[com.onesignal:OneSignal:4.8.5] AndroidManifest.xml:71:9-79:20
279            android:name="com.onesignal.NotificationOpenedActivityHMS"
279-->[com.onesignal:OneSignal:4.8.5] AndroidManifest.xml:72:13-71
280            android:exported="true"
280-->[com.onesignal:OneSignal:4.8.5] AndroidManifest.xml:73:13-36
281            android:noHistory="true"
281-->[com.onesignal:OneSignal:4.8.5] AndroidManifest.xml:74:13-37
282            android:theme="@android:style/Theme.Translucent.NoTitleBar" >
282-->[com.onesignal:OneSignal:4.8.5] AndroidManifest.xml:75:13-72
283            <intent-filter>
283-->[com.onesignal:OneSignal:4.8.5] AndroidManifest.xml:76:13-78:29
284                <action android:name="android.intent.action.VIEW" />
284-->src\main\AndroidManifest.xml:7:9-61
284-->src\main\AndroidManifest.xml:7:17-58
285            </intent-filter>
286        </activity>
287
288        <service
288-->[com.onesignal:OneSignal:4.8.5] AndroidManifest.xml:81:9-83:40
289            android:name="com.onesignal.FCMIntentService"
289-->[com.onesignal:OneSignal:4.8.5] AndroidManifest.xml:82:13-58
290            android:exported="false" />
290-->[com.onesignal:OneSignal:4.8.5] AndroidManifest.xml:83:13-37
291        <service
291-->[com.onesignal:OneSignal:4.8.5] AndroidManifest.xml:84:9-87:72
292            android:name="com.onesignal.FCMIntentJobService"
292-->[com.onesignal:OneSignal:4.8.5] AndroidManifest.xml:85:13-61
293            android:exported="false"
293-->[com.onesignal:OneSignal:4.8.5] AndroidManifest.xml:86:13-37
294            android:permission="android.permission.BIND_JOB_SERVICE" />
294-->[com.onesignal:OneSignal:4.8.5] AndroidManifest.xml:87:13-69
295        <service
295-->[com.onesignal:OneSignal:4.8.5] AndroidManifest.xml:88:9-91:43
296            android:name="com.onesignal.SyncService"
296-->[com.onesignal:OneSignal:4.8.5] AndroidManifest.xml:89:13-53
297            android:exported="false"
297-->[com.onesignal:OneSignal:4.8.5] AndroidManifest.xml:90:13-37
298            android:stopWithTask="true" />
298-->[com.onesignal:OneSignal:4.8.5] AndroidManifest.xml:91:13-40
299        <service
299-->[com.onesignal:OneSignal:4.8.5] AndroidManifest.xml:92:9-95:72
300            android:name="com.onesignal.SyncJobService"
300-->[com.onesignal:OneSignal:4.8.5] AndroidManifest.xml:93:13-56
301            android:exported="false"
301-->[com.onesignal:OneSignal:4.8.5] AndroidManifest.xml:94:13-37
302            android:permission="android.permission.BIND_JOB_SERVICE" />
302-->[com.onesignal:OneSignal:4.8.5] AndroidManifest.xml:95:13-69
303
304        <activity
304-->[com.onesignal:OneSignal:4.8.5] AndroidManifest.xml:97:9-100:75
305            android:name="com.onesignal.PermissionsActivity"
305-->[com.onesignal:OneSignal:4.8.5] AndroidManifest.xml:98:13-61
306            android:exported="false"
306-->[com.onesignal:OneSignal:4.8.5] AndroidManifest.xml:99:13-37